android/react-native-anychat/build/intermediates/manifest_merge_blame_file/debug/manifest-merger-blame-debug-report.txt
1<?xml version="1.0" encoding="utf-8"?>
2<manifest xmlns:android="http://schemas.android.com/apk/res/android"
3    package="com.android.anychat"
4    android:versionCode="1"
5    android:versionName="1.0" > <!-- <application -->
6    <!-- android:allowBackup="true" -->
7    <!-- android:label="@string/app_name" -->
8    <!-- android:supportsRtl="true"> -->
9    <!-- <activity -->
10    <!-- android:name="com.example.helloanychatcloud.VideoActivity" -->
11    <!-- android:theme="@style/dialog_activity" -->
12    <!-- android:configChanges="keyboardHidden|orientation|screenSize" -->
13    <!-- android:screenOrientation="portrait" /> -->
14    <!-- <activity android:name="com.example.helloanychatcloud.MainActivity"/> -->
15    <!-- <activity android:name="com.example.helloanychatcloud.VideoSettingActivity"/> -->
16    <!-- </application> -->
17    <uses-sdk
18        android:minSdkVersion="16"
18-->src\main\AndroidManifest.xml
19        android:targetSdkVersion="28" />
19-->src\main\AndroidManifest.xml
20
21    <uses-permission android:name="android.permission.ACCESS_FINE_LOCATION" />
21-->src\main\AndroidManifest.xml:4:5-79
21-->src\main\AndroidManifest.xml:4:22-76
22    <uses-permission android:name="android.permission.ACCESS_COARSE_LOCATION" />
22-->src\main\AndroidManifest.xml:5:5-81
22-->src\main\AndroidManifest.xml:5:22-78
23    <uses-permission android:name="android.permission.WRITE_EXTERNAL_STORAGE" />
23-->src\main\AndroidManifest.xml:6:5-81
23-->src\main\AndroidManifest.xml:6:22-78
24    <uses-permission android:name="android.permission.CAMERA" />
24-->src\main\AndroidManifest.xml:7:5-65
24-->src\main\AndroidManifest.xml:7:22-62
25    <uses-permission android:name="android.permission.INTERNET" />
25-->src\main\AndroidManifest.xml:8:5-67
25-->src\main\AndroidManifest.xml:8:22-64
26    <uses-permission android:name="android.permission.RECORD_AUDIO" />
26-->src\main\AndroidManifest.xml:9:5-71
26-->src\main\AndroidManifest.xml:9:22-68
27    <uses-permission android:name="android.permission.MODIFY_AUDIO_SETTINGS" />
27-->src\main\AndroidManifest.xml:10:5-80
27-->src\main\AndroidManifest.xml:10:22-77
28    <uses-permission android:name="android.permission.RESTART_PACKAGES" />
28-->src\main\AndroidManifest.xml:11:5-75
28-->src\main\AndroidManifest.xml:11:22-72
29    <uses-permission android:name="android.permission.READ_LOGS" />
29-->src\main\AndroidManifest.xml:12:5-68
29-->src\main\AndroidManifest.xml:12:22-65
30    <uses-permission android:name="android.permission.DISABLE_KEYGUARD" />
30-->src\main\AndroidManifest.xml:13:5-75
30-->src\main\AndroidManifest.xml:13:22-72
31    <uses-permission android:name="android.permission.GET_TASKS" />
31-->src\main\AndroidManifest.xml:14:5-68
31-->src\main\AndroidManifest.xml:14:22-65
32    <uses-permission android:name="android.permission.READ_PHONE_STATE" />
32-->src\main\AndroidManifest.xml:15:5-75
32-->src\main\AndroidManifest.xml:15:22-72
33    <uses-permission android:name="android.permission.SYSTEM_ALERT_WINDOW" />
33-->src\main\AndroidManifest.xml:16:5-78
33-->src\main\AndroidManifest.xml:16:22-75
34    <uses-permission android:name="android.permission.READ_EXTERNAL_STORAGE" />
34-->src\main\AndroidManifest.xml:17:5-80
34-->src\main\AndroidManifest.xml:17:22-77
35
36</manifest>